Case #1: 1 0
Case #2: 285278399 723024629
Case #3: 616119039 957096711
Case #4: 14099157 687851011
Case #5: 370665806 539919518
Case #6: 696316964 550429273
Case #7: 128635484 500668215
Case #8: 319838403 319838403
Case #9: 914446682 326487736
Case #10: 1 0
Case #11: 694658552 4028078
Case #12: 794540851 361798437
Case #13: 16605071 73744548
Case #14: 763445604 37769293
Case #15: 603377488 631844581
Case #16: 918270667 185042843
Case #17: 931707689 601702223
Case #18: 2 2
Case #19: 149556166 176349646
Case #20: 150263723 650437050
